Determining if the Q_WS_WIN exist failed with the following output:
Change Dir: /home/joaop/GitHub/ssl-vision/build/CMakeFiles/CMakeTmp

Run Build Command:"/usr/bin/make" "cmTC_77d5f/fast"
make[1]: Entering directory '/home/joaop/GitHub/ssl-vision/build/CMakeFiles/CMakeTmp'
/usr/bin/make -f CMakeFiles/cmTC_77d5f.dir/build.make CMakeFiles/cmTC_77d5f.dir/build
make[2]: Entering directory '/home/joaop/GitHub/ssl-vision/build/CMakeFiles/CMakeTmp'
Building CXX object CMakeFiles/cmTC_77d5f.dir/CheckSymbolExists.cxx.o
/usr/bin/c++    -I/usr/include/qt4   -o CMakeFiles/cmTC_77d5f.dir/CheckSymbolExists.cxx.o -c /home/joaop/GitHub/ssl-vision/build/CMakeFiles/CMakeTmp/CheckSymbolExists.cxx
/home/joaop/GitHub/ssl-vision/build/CMakeFiles/CMakeTmp/CheckSymbolExists.cxx: In function ‘int main(int, char**)’:
/home/joaop/GitHub/ssl-vision/build/CMakeFiles/CMakeTmp/CheckSymbolExists.cxx:8:19: error: ‘Q_WS_WIN’ was not declared in this scope
   return ((int*)(&Q_WS_WIN))[argc];
                   ^~~~~~~~
CMakeFiles/cmTC_77d5f.dir/build.make:65: recipe for target 'CMakeFiles/cmTC_77d5f.dir/CheckSymbolExists.cxx.o' failed
make[2]: *** [CMakeFiles/cmTC_77d5f.dir/CheckSymbolExists.cxx.o] Error 1
make[2]: Leaving directory '/home/joaop/GitHub/ssl-vision/build/CMakeFiles/CMakeTmp'
Makefile:126: recipe for target 'cmTC_77d5f/fast' failed
make[1]: *** [cmTC_77d5f/fast] Error 2
make[1]: Leaving directory '/home/joaop/GitHub/ssl-vision/build/CMakeFiles/CMakeTmp'

File /home/joaop/GitHub/ssl-vision/build/CMakeFiles/CMakeTmp/CheckSymbolExists.cxx:
/* */
#include <QtCore/qglobal.h>

int main(int argc, char** argv)
{
  (void)argv;
#ifndef Q_WS_WIN
  return ((int*)(&Q_WS_WIN))[argc];
#else
  (void)argc;
  return 0;
#endif
}

Determining if the Q_WS_QWS exist failed with the following output:
Change Dir: /home/joaop/GitHub/ssl-vision/build/CMakeFiles/CMakeTmp

Run Build Command:"/usr/bin/make" "cmTC_5293c/fast"
make[1]: Entering directory '/home/joaop/GitHub/ssl-vision/build/CMakeFiles/CMakeTmp'
/usr/bin/make -f CMakeFiles/cmTC_5293c.dir/build.make CMakeFiles/cmTC_5293c.dir/build
make[2]: Entering directory '/home/joaop/GitHub/ssl-vision/build/CMakeFiles/CMakeTmp'
Building CXX object CMakeFiles/cmTC_5293c.dir/CheckSymbolExists.cxx.o
/usr/bin/c++    -I/usr/include/qt4   -o CMakeFiles/cmTC_5293c.dir/CheckSymbolExists.cxx.o -c /home/joaop/GitHub/ssl-vision/build/CMakeFiles/CMakeTmp/CheckSymbolExists.cxx
/home/joaop/GitHub/ssl-vision/build/CMakeFiles/CMakeTmp/CheckSymbolExists.cxx: In function ‘int main(int, char**)’:
/home/joaop/GitHub/ssl-vision/build/CMakeFiles/CMakeTmp/CheckSymbolExists.cxx:8:19: error: ‘Q_WS_QWS’ was not declared in this scope
   return ((int*)(&Q_WS_QWS))[argc];
                   ^~~~~~~~
CMakeFiles/cmTC_5293c.dir/build.make:65: recipe for target 'CMakeFiles/cmTC_5293c.dir/CheckSymbolExists.cxx.o' failed
make[2]: *** [CMakeFiles/cmTC_5293c.dir/CheckSymbolExists.cxx.o] Error 1
make[2]: Leaving directory '/home/joaop/GitHub/ssl-vision/build/CMakeFiles/CMakeTmp'
Makefile:126: recipe for target 'cmTC_5293c/fast' failed
make[1]: *** [cmTC_5293c/fast] Error 2
make[1]: Leaving directory '/home/joaop/GitHub/ssl-vision/build/CMakeFiles/CMakeTmp'

File /home/joaop/GitHub/ssl-vision/build/CMakeFiles/CMakeTmp/CheckSymbolExists.cxx:
/* */
#include <QtCore/qglobal.h>

int main(int argc, char** argv)
{
  (void)argv;
#ifndef Q_WS_QWS
  return ((int*)(&Q_WS_QWS))[argc];
#else
  (void)argc;
  return 0;
#endif
}

Determining if the Q_WS_MAC exist failed with the following output:
Change Dir: /home/joaop/GitHub/ssl-vision/build/CMakeFiles/CMakeTmp

Run Build Command:"/usr/bin/make" "cmTC_bece4/fast"
make[1]: Entering directory '/home/joaop/GitHub/ssl-vision/build/CMakeFiles/CMakeTmp'
/usr/bin/make -f CMakeFiles/cmTC_bece4.dir/build.make CMakeFiles/cmTC_bece4.dir/build
make[2]: Entering directory '/home/joaop/GitHub/ssl-vision/build/CMakeFiles/CMakeTmp'
Building CXX object CMakeFiles/cmTC_bece4.dir/CheckSymbolExists.cxx.o
/usr/bin/c++    -I/usr/include/qt4   -o CMakeFiles/cmTC_bece4.dir/CheckSymbolExists.cxx.o -c /home/joaop/GitHub/ssl-vision/build/CMakeFiles/CMakeTmp/CheckSymbolExists.cxx
/home/joaop/GitHub/ssl-vision/build/CMakeFiles/CMakeTmp/CheckSymbolExists.cxx: In function ‘int main(int, char**)’:
/home/joaop/GitHub/ssl-vision/build/CMakeFiles/CMakeTmp/CheckSymbolExists.cxx:8:19: error: ‘Q_WS_MAC’ was not declared in this scope
   return ((int*)(&Q_WS_MAC))[argc];
                   ^~~~~~~~
CMakeFiles/cmTC_bece4.dir/build.make:65: recipe for target 'CMakeFiles/cmTC_bece4.dir/CheckSymbolExists.cxx.o' failed
make[2]: *** [CMakeFiles/cmTC_bece4.dir/CheckSymbolExists.cxx.o] Error 1
make[2]: Leaving directory '/home/joaop/GitHub/ssl-vision/build/CMakeFiles/CMakeTmp'
Makefile:126: recipe for target 'cmTC_bece4/fast' failed
make[1]: *** [cmTC_bece4/fast] Error 2
make[1]: Leaving directory '/home/joaop/GitHub/ssl-vision/build/CMakeFiles/CMakeTmp'

File /home/joaop/GitHub/ssl-vision/build/CMakeFiles/CMakeTmp/CheckSymbolExists.cxx:
/* */
#include <QtCore/qglobal.h>

int main(int argc, char** argv)
{
  (void)argv;
#ifndef Q_WS_MAC
  return ((int*)(&Q_WS_MAC))[argc];
#else
  (void)argc;
  return 0;
#endif
}

Determining if the pthread_create exist failed with the following output:
Change Dir: /home/joaop/GitHub/ssl-vision/build/CMakeFiles/CMakeTmp

Run Build Command:"/usr/bin/make" "cmTC_6caed/fast"
make[1]: Entering directory '/home/joaop/GitHub/ssl-vision/build/CMakeFiles/CMakeTmp'
/usr/bin/make -f CMakeFiles/cmTC_6caed.dir/build.make CMakeFiles/cmTC_6caed.dir/build
make[2]: Entering directory '/home/joaop/GitHub/ssl-vision/build/CMakeFiles/CMakeTmp'
Building C object CMakeFiles/cmTC_6caed.dir/CheckSymbolExists.c.o
/usr/bin/cc     -o CMakeFiles/cmTC_6caed.dir/CheckSymbolExists.c.o   -c /home/joaop/GitHub/ssl-vision/build/CMakeFiles/CMakeTmp/CheckSymbolExists.c
Linking C executable cmTC_6caed
/usr/bin/cmake -E cmake_link_script CMakeFiles/cmTC_6caed.dir/link.txt --verbose=1
/usr/bin/cc       CMakeFiles/cmTC_6caed.dir/CheckSymbolExists.c.o  -o cmTC_6caed -rdynamic 
CMakeFiles/cmTC_6caed.dir/CheckSymbolExists.c.o: In function `main':
CheckSymbolExists.c:(.text+0x1b): undefined reference to `pthread_create'
collect2: error: ld returned 1 exit status
CMakeFiles/cmTC_6caed.dir/build.make:97: recipe for target 'cmTC_6caed' failed
make[2]: *** [cmTC_6caed] Error 1
make[2]: Leaving directory '/home/joaop/GitHub/ssl-vision/build/CMakeFiles/CMakeTmp'
Makefile:126: recipe for target 'cmTC_6caed/fast' failed
make[1]: *** [cmTC_6caed/fast] Error 2
make[1]: Leaving directory '/home/joaop/GitHub/ssl-vision/build/CMakeFiles/CMakeTmp'

File /home/joaop/GitHub/ssl-vision/build/CMakeFiles/CMakeTmp/CheckSymbolExists.c:
/* */
#include <pthread.h>

int main(int argc, char** argv)
{
  (void)argv;
#ifndef pthread_create
  return ((int*)(&pthread_create))[argc];
#else
  (void)argc;
  return 0;
#endif
}

Determining if the function pthread_create exists in the pthreads failed with the following output:
Change Dir: /home/joaop/GitHub/ssl-vision/build/CMakeFiles/CMakeTmp

Run Build Command:"/usr/bin/make" "cmTC_2ecec/fast"
make[1]: Entering directory '/home/joaop/GitHub/ssl-vision/build/CMakeFiles/CMakeTmp'
/usr/bin/make -f CMakeFiles/cmTC_2ecec.dir/build.make CMakeFiles/cmTC_2ecec.dir/build
make[2]: Entering directory '/home/joaop/GitHub/ssl-vision/build/CMakeFiles/CMakeTmp'
Building C object CMakeFiles/cmTC_2ecec.dir/CheckFunctionExists.c.o
/usr/bin/cc    -DCHECK_FUNCTION_EXISTS=pthread_create   -o CMakeFiles/cmTC_2ecec.dir/CheckFunctionExists.c.o   -c /usr/share/cmake-3.7/Modules/CheckFunctionExists.c
Linking C executable cmTC_2ecec
/usr/bin/cmake -E cmake_link_script CMakeFiles/cmTC_2ecec.dir/link.txt --verbose=1
/usr/bin/cc   -DCHECK_FUNCTION_EXISTS=pthread_create    CMakeFiles/cmTC_2ecec.dir/CheckFunctionExists.c.o  -o cmTC_2ecec -rdynamic -lpthreads 
/usr/bin/ld: cannot find -lpthreads
collect2: error: ld returned 1 exit status
CMakeFiles/cmTC_2ecec.dir/build.make:97: recipe for target 'cmTC_2ecec' failed
make[2]: *** [cmTC_2ecec] Error 1
make[2]: Leaving directory '/home/joaop/GitHub/ssl-vision/build/CMakeFiles/CMakeTmp'
Makefile:126: recipe for target 'cmTC_2ecec/fast' failed
make[1]: *** [cmTC_2ecec/fast] Error 2
make[1]: Leaving directory '/home/joaop/GitHub/ssl-vision/build/CMakeFiles/CMakeTmp'


